<?xml version="1.0" encoding="UTF-8"?>
<testng-results skipped="0" failed="0" total="1" passed="1">
  <reporter-output>
  </reporter-output>
  <suite name="Suite" duration-ms="8162" started-at="2019-03-12T06:34:04Z" finished-at="2019-03-12T06:34:12Z">
    <groups>
    </groups>
    <test name="Test" duration-ms="8162" started-at="2019-03-12T06:34:04Z" finished-at="2019-03-12T06:34:12Z">
      <class name="seleniumBaidu.OpeBaidu">
        <test-method status="PASS" signature="open()[pri:0, instance:seleniumBaidu.OpeBaidu@17ed40e0]" name="open" duration-ms="8138" started-at="2019-03-12T14:34:04Z" finished-at="2019-03-12T14:34:12Z">
          <reporter-output>
          </reporter-output>
        </test-method> <!-- open -->
      </class> <!-- seleniumBaidu.OpeBaidu -->
    </test> <!-- Test -->
  </suite> <!-- Suite -->
</testng-results>
